Using pre-set license
Built from '2020.3/staging' branch; Version is '2020.3.25f1 (9b9180224418) revision 10195328'; Using compiler version '192528614'; Build Type 'Release'
OS: 'Windows 10  (10.0.18363) 64bit Professional' Language: 'de' Physical Memory: 16163 MB
BatchMode: 1, IsHumanControllingUs: 0, StartBugReporterOnCrash: 0, Is64bit: 1, IsPro: 0

COMMAND LINE ARGUMENTS:
D:\Unity Editors\2020.3.25f1\Editor\Unity.exe
-adb2
-batchMode
-noUpm
-name
AssetImportWorker0
-projectPath
D:/TimeVR/TimeRE_final
-logFile
Logs/AssetImportWorker0.log
-srvPort
50317
Successfully changed project path to: D:/TimeVR/TimeRE_final
D:/TimeVR/TimeRE_final
Using Asset Import Pipeline V2.
Refreshing native plugins compatible for Editor in 31.43 ms, found 2 plugins.
Preloading 0 native plugins for Editor in 0.00 ms.
Initialize engine version: 2020.3.25f1 (9b9180224418)
[Subsystems] Discovering subsystems at path D:/Unity Editors/2020.3.25f1/Editor/Data/Resources/UnitySubsystems
[Subsystems] Discovering subsystems at path D:/TimeVR/TimeRE_final/Assets
GfxDevice: creating device client; threaded=0
Direct3D:
    Version:  Direct3D 11.0 [level 11.1]
    Renderer: NVIDIA GeForce GTX 1080 (ID=0x1b80)
    Vendor:   
    VRAM:     8079 MB
    Driver:   25.21.14.1972
Initialize mono
Mono path[0] = 'D:/Unity Editors/2020.3.25f1/Editor/Data/Managed'
Mono path[1] = 'D:/Unity Editors/2020.3.25f1/Editor/Data/MonoBleedingEdge/lib/mono/unityjit'
Mono config path = 'D:/Unity Editors/2020.3.25f1/Editor/Data/MonoBleedingEdge/etc'
Using monoOptions --debugger-agent=transport=dt_socket,embedding=1,server=y,suspend=n,address=127.0.0.1:56536
Begin MonoManager ReloadAssembly
Registering precompiled unity dll's ...
Register platform support module: D:/Unity Editors/2020.3.25f1/Editor/Data/PlaybackEngines/WindowsStandaloneSupport/UnityEditor.WindowsStandalone.Extensions.dll
Registered in 0.000771 seconds.
Native extension for WindowsStandalone target not found
Refreshing native plugins compatible for Editor in 26.75 ms, found 2 plugins.
Preloading 0 native plugins for Editor in 0.00 ms.
Mono: successfully reloaded assembly
- Completed reload, in  0.456 seconds
Domain Reload Profiling:
	ReloadAssembly (456ms)
		BeginReloadAssembly (40ms)
			ExecutionOrderSort (0ms)
			DisableScriptedObjects (0ms)
			BackupInstance (0ms)
			ReleaseScriptingObjects (0ms)
			CreateAndSetChildDomain (1ms)
		EndReloadAssembly (361ms)
			LoadAssemblies (39ms)
			RebuildTransferFunctionScriptingTraits (0ms)
			SetupTypeCache (125ms)
			ReleaseScriptCaches (0ms)
			RebuildScriptCaches (25ms)
			SetupLoadedEditorAssemblies (131ms)
				LogAssemblyErrors (0ms)
				InitializePlatformSupportModulesInManaged (3ms)
				SetLoadedEditorAssemblies (0ms)
				RefreshPlugins (27ms)
				BeforeProcessingInitializeOnLoad (11ms)
				ProcessInitializeOnLoadAttributes (67ms)
				ProcessInitializeOnLoadMethodAttributes (23ms)
				AfterProcessingInitializeOnLoad (0ms)
				EditorAssembliesLoaded (0ms)
			ExecutionOrderSort2 (0ms)
			AwakeInstancesAfterBackupRestoration (0ms)
Platform modules already initialized, skipping
Registering precompiled user dll's ...
Registered in 0.002510 seconds.
Begin MonoManager ReloadAssembly
Native extension for WindowsStandalone target not found
Refreshing native plugins compatible for Editor in 0.30 ms, found 2 plugins.
Preloading 0 native plugins for Editor in 0.00 ms.
Mono: successfully reloaded assembly
- Completed reload, in  0.803 seconds
Domain Reload Profiling:
	ReloadAssembly (804ms)
		BeginReloadAssembly (118ms)
			ExecutionOrderSort (0ms)
			DisableScriptedObjects (4ms)
			BackupInstance (0ms)
			ReleaseScriptingObjects (0ms)
			CreateAndSetChildDomain (15ms)
		EndReloadAssembly (638ms)
			LoadAssemblies (67ms)
			RebuildTransferFunctionScriptingTraits (0ms)
			SetupTypeCache (229ms)
			ReleaseScriptCaches (0ms)
			RebuildScriptCaches (33ms)
			SetupLoadedEditorAssemblies (234ms)
				LogAssemblyErrors (0ms)
				InitializePlatformSupportModulesInManaged (3ms)
				SetLoadedEditorAssemblies (0ms)
				RefreshPlugins (0ms)
				BeforeProcessingInitializeOnLoad (68ms)
				ProcessInitializeOnLoadAttributes (153ms)
				ProcessInitializeOnLoadMethodAttributes (7ms)
				AfterProcessingInitializeOnLoad (2ms)
				EditorAssembliesLoaded (0ms)
			ExecutionOrderSort2 (0ms)
			AwakeInstancesAfterBackupRestoration (5ms)
Platform modules already initialized, skipping
========================================================================
Worker process is ready to serve import requests
Launched and connected shader compiler UnityShaderCompiler.exe after 0.08 seconds
Refreshing native plugins compatible for Editor in 0.34 ms, found 2 plugins.
Preloading 0 native plugins for Editor in 0.00 ms.
Unloading 1522 Unused Serialized files (Serialized files now loaded: 0)
System memory in use before: 72.1 MB.
System memory in use after: 72.1 MB.

Unloading 19 unused Assets to reduce memory usage. Loaded Objects now: 1954.
Total: 2.312500 ms (FindLiveObjects: 0.110400 ms CreateObjectMapping: 0.037800 ms MarkObjects: 2.106900 ms  DeleteObjects: 0.056800 ms)

AssetImportParameters requested are different than current active one (requested -> active):
  custom:framework-win-MediaFoundation: 216162199b28c13a410421893ffa2e32 -> 
  custom:video-decoder-ogg-theora: a1e56fd34408186e4bbccfd4996cb3dc -> 
  custom:container-muxer-webm: aa71ff27fc2769a1b78a27578f13a17b -> 
  custom:container-demuxer-webm: 4f35f7cbe854078d1ac9338744f61a02 -> 
  custom:container-demuxer-ogg: 62fdf1f143b41e24485cea50d1cbac27 -> 
  custom:video-encoder-webm-vp8: eb34c28f22e8b96e1ab97ce403110664 -> 
  custom:video-codec-MediaFoundation-h265: 746d11721c4dcdbdad8f713fa42b33f4 -> 
  custom:video-decoder-webm-vp8: 9c59270c3fd7afecdb556c50c9e8de78 -> 
  custom:audio-decoder-ogg-vorbis: bf7c407c2cedff20999df2af8eb42d56 -> 
  custom:audio-encoder-webm-vorbis: bf7c407c2cedff20999df2af8eb42d56 -> 
========================================================================
Received Import Request.
  path: Assets/Scenes/new_MWDLeftTPRight_MWDStart.unity
  artifactKey: Guid(035b7e5731af67a48bb4edcbe17146de) Importer(815301076,1909f56bfc062723c751e8b465ee728b)
Start importing Assets/Scenes/new_MWDLeftTPRight_MWDStart.unity using Guid(035b7e5731af67a48bb4edcbe17146de) Importer(815301076,1909f56bfc062723c751e8b465ee728b)  -> (artifact id: '67443c546d0eb7c699c08fde66aca22c') in 0.022531 seconds 
  Import took 0.024583 seconds .

========================================================================
Received Prepare
Refreshing native plugins compatible for Editor in 2.17 ms, found 2 plugins.
Preloading 0 native plugins for Editor in 0.00 ms.
Unloading 12 Unused Serialized files (Serialized files now loaded: 0)
System memory in use before: 40.9 MB.
System memory in use after: 41.1 MB.

Unloading 12 unused Assets to reduce memory usage. Loaded Objects now: 1954.
Total: 2.352800 ms (FindLiveObjects: 0.103900 ms CreateObjectMapping: 0.039800 ms MarkObjects: 2.195500 ms  DeleteObjects: 0.013000 ms)

AssetImportParameters requested are different than current active one (requested -> active):
  custom:framework-win-MediaFoundation: 216162199b28c13a410421893ffa2e32 -> 
  custom:video-decoder-ogg-theora: a1e56fd34408186e4bbccfd4996cb3dc -> 
  custom:container-muxer-webm: aa71ff27fc2769a1b78a27578f13a17b -> 
  custom:container-demuxer-webm: 4f35f7cbe854078d1ac9338744f61a02 -> 
  custom:container-demuxer-ogg: 62fdf1f143b41e24485cea50d1cbac27 -> 
  custom:video-encoder-webm-vp8: eb34c28f22e8b96e1ab97ce403110664 -> 
  custom:video-codec-MediaFoundation-h265: 746d11721c4dcdbdad8f713fa42b33f4 -> 
  custom:video-decoder-webm-vp8: 9c59270c3fd7afecdb556c50c9e8de78 -> 
  custom:audio-decoder-ogg-vorbis: bf7c407c2cedff20999df2af8eb42d56 -> 
  custom:audio-encoder-webm-vorbis: bf7c407c2cedff20999df2af8eb42d56 -> 
========================================================================
Received Prepare
Refreshing native plugins compatible for Editor in 1.80 ms, found 2 plugins.
Preloading 0 native plugins for Editor in 0.00 ms.
Unloading 12 Unused Serialized files (Serialized files now loaded: 0)
System memory in use before: 40.9 MB.
System memory in use after: 41.1 MB.

Unloading 12 unused Assets to reduce memory usage. Loaded Objects now: 1954.
Total: 2.432100 ms (FindLiveObjects: 0.112300 ms CreateObjectMapping: 0.036500 ms MarkObjects: 2.273000 ms  DeleteObjects: 0.009500 ms)

AssetImportParameters requested are different than current active one (requested -> active):
  custom:framework-win-MediaFoundation: 216162199b28c13a410421893ffa2e32 -> 
  custom:video-decoder-ogg-theora: a1e56fd34408186e4bbccfd4996cb3dc -> 
  custom:container-muxer-webm: aa71ff27fc2769a1b78a27578f13a17b -> 
  custom:container-demuxer-webm: 4f35f7cbe854078d1ac9338744f61a02 -> 
  custom:container-demuxer-ogg: 62fdf1f143b41e24485cea50d1cbac27 -> 
  custom:video-encoder-webm-vp8: eb34c28f22e8b96e1ab97ce403110664 -> 
  custom:video-codec-MediaFoundation-h265: 746d11721c4dcdbdad8f713fa42b33f4 -> 
  custom:video-decoder-webm-vp8: 9c59270c3fd7afecdb556c50c9e8de78 -> 
  custom:audio-decoder-ogg-vorbis: bf7c407c2cedff20999df2af8eb42d56 -> 
  custom:audio-encoder-webm-vorbis: bf7c407c2cedff20999df2af8eb42d56 -> 
========================================================================
Received Prepare
Refreshing native plugins compatible for Editor in 1.83 ms, found 2 plugins.
Preloading 0 native plugins for Editor in 0.00 ms.
Unloading 12 Unused Serialized files (Serialized files now loaded: 0)
System memory in use before: 40.9 MB.
System memory in use after: 41.1 MB.

Unloading 12 unused Assets to reduce memory usage. Loaded Objects now: 1954.
Total: 2.877000 ms (FindLiveObjects: 0.124300 ms CreateObjectMapping: 0.042300 ms MarkObjects: 2.698000 ms  DeleteObjects: 0.011600 ms)

AssetImportParameters requested are different than current active one (requested -> active):
  custom:framework-win-MediaFoundation: 216162199b28c13a410421893ffa2e32 -> 
  custom:video-decoder-ogg-theora: a1e56fd34408186e4bbccfd4996cb3dc -> 
  custom:container-muxer-webm: aa71ff27fc2769a1b78a27578f13a17b -> 
  custom:container-demuxer-webm: 4f35f7cbe854078d1ac9338744f61a02 -> 
  custom:container-demuxer-ogg: 62fdf1f143b41e24485cea50d1cbac27 -> 
  custom:video-encoder-webm-vp8: eb34c28f22e8b96e1ab97ce403110664 -> 
  custom:video-codec-MediaFoundation-h265: 746d11721c4dcdbdad8f713fa42b33f4 -> 
  custom:video-decoder-webm-vp8: 9c59270c3fd7afecdb556c50c9e8de78 -> 
  custom:audio-decoder-ogg-vorbis: bf7c407c2cedff20999df2af8eb42d56 -> 
  custom:audio-encoder-webm-vorbis: bf7c407c2cedff20999df2af8eb42d56 -> 
========================================================================
Received Prepare
Refreshing native plugins compatible for Editor in 1.88 ms, found 2 plugins.
Preloading 0 native plugins for Editor in 0.00 ms.
Unloading 12 Unused Serialized files (Serialized files now loaded: 0)
System memory in use before: 41.0 MB.
System memory in use after: 41.1 MB.

Unloading 12 unused Assets to reduce memory usage. Loaded Objects now: 1954.
Total: 2.722200 ms (FindLiveObjects: 0.118600 ms CreateObjectMapping: 0.037900 ms MarkObjects: 2.554000 ms  DeleteObjects: 0.010800 ms)

AssetImportParameters requested are different than current active one (requested -> active):
  custom:framework-win-MediaFoundation: 216162199b28c13a410421893ffa2e32 -> 
  custom:video-decoder-ogg-theora: a1e56fd34408186e4bbccfd4996cb3dc -> 
  custom:container-muxer-webm: aa71ff27fc2769a1b78a27578f13a17b -> 
  custom:container-demuxer-webm: 4f35f7cbe854078d1ac9338744f61a02 -> 
  custom:container-demuxer-ogg: 62fdf1f143b41e24485cea50d1cbac27 -> 
  custom:video-encoder-webm-vp8: eb34c28f22e8b96e1ab97ce403110664 -> 
  custom:video-codec-MediaFoundation-h265: 746d11721c4dcdbdad8f713fa42b33f4 -> 
  custom:video-decoder-webm-vp8: 9c59270c3fd7afecdb556c50c9e8de78 -> 
  custom:audio-decoder-ogg-vorbis: bf7c407c2cedff20999df2af8eb42d56 -> 
  custom:audio-encoder-webm-vorbis: bf7c407c2cedff20999df2af8eb42d56 -> 
========================================================================
Received Import Request.
  Time since last request: 6733.870699 seconds.
  path: Assets/Scenes/new_MWDLeftTPRight_MWDStart.unity
  artifactKey: Guid(035b7e5731af67a48bb4edcbe17146de) Importer(815301076,1909f56bfc062723c751e8b465ee728b)
Start importing Assets/Scenes/new_MWDLeftTPRight_MWDStart.unity using Guid(035b7e5731af67a48bb4edcbe17146de) Importer(815301076,1909f56bfc062723c751e8b465ee728b)  -> (artifact id: 'd36910504494755496b50d3800672cb7') in 0.012245 seconds 
  Import took 0.014732 seconds .

========================================================================
Received Prepare
Refreshing native plugins compatible for Editor in 1.85 ms, found 2 plugins.
Preloading 0 native plugins for Editor in 0.00 ms.
Unloading 12 Unused Serialized files (Serialized files now loaded: 0)
System memory in use before: 41.0 MB.
System memory in use after: 41.1 MB.

Unloading 12 unused Assets to reduce memory usage. Loaded Objects now: 1954.
Total: 2.824800 ms (FindLiveObjects: 0.104900 ms CreateObjectMapping: 0.040000 ms MarkObjects: 2.669700 ms  DeleteObjects: 0.009600 ms)

AssetImportParameters requested are different than current active one (requested -> active):
  custom:framework-win-MediaFoundation: 216162199b28c13a410421893ffa2e32 -> 
  custom:video-decoder-ogg-theora: a1e56fd34408186e4bbccfd4996cb3dc -> 
  custom:container-muxer-webm: aa71ff27fc2769a1b78a27578f13a17b -> 
  custom:container-demuxer-webm: 4f35f7cbe854078d1ac9338744f61a02 -> 
  custom:container-demuxer-ogg: 62fdf1f143b41e24485cea50d1cbac27 -> 
  custom:video-encoder-webm-vp8: eb34c28f22e8b96e1ab97ce403110664 -> 
  custom:video-codec-MediaFoundation-h265: 746d11721c4dcdbdad8f713fa42b33f4 -> 
  custom:video-decoder-webm-vp8: 9c59270c3fd7afecdb556c50c9e8de78 -> 
  custom:audio-decoder-ogg-vorbis: bf7c407c2cedff20999df2af8eb42d56 -> 
  custom:audio-encoder-webm-vorbis: bf7c407c2cedff20999df2af8eb42d56 -> 
========================================================================
Received Import Request.
  Time since last request: 88.742371 seconds.
  path: Assets/Scenes/new_TPLeftMWDRight_MWDStart.unity
  artifactKey: Guid(ccd035ac735baa14d8958a934ee26f30) Importer(815301076,1909f56bfc062723c751e8b465ee728b)
Start importing Assets/Scenes/new_TPLeftMWDRight_MWDStart.unity using Guid(ccd035ac735baa14d8958a934ee26f30) Importer(815301076,1909f56bfc062723c751e8b465ee728b)  -> (artifact id: '4d103b628de663f7c166d4b13db26290') in 0.005918 seconds 
  Import took 0.008220 seconds .

========================================================================
Received Prepare
Refreshing native plugins compatible for Editor in 1.77 ms, found 2 plugins.
Preloading 0 native plugins for Editor in 0.00 ms.
Unloading 12 Unused Serialized files (Serialized files now loaded: 0)
System memory in use before: 41.0 MB.
System memory in use after: 41.1 MB.

Unloading 12 unused Assets to reduce memory usage. Loaded Objects now: 1954.
Total: 2.414800 ms (FindLiveObjects: 0.118200 ms CreateObjectMapping: 0.045600 ms MarkObjects: 2.240600 ms  DeleteObjects: 0.009600 ms)

AssetImportParameters requested are different than current active one (requested -> active):
  custom:framework-win-MediaFoundation: 216162199b28c13a410421893ffa2e32 -> 
  custom:video-decoder-ogg-theora: a1e56fd34408186e4bbccfd4996cb3dc -> 
  custom:container-muxer-webm: aa71ff27fc2769a1b78a27578f13a17b -> 
  custom:container-demuxer-webm: 4f35f7cbe854078d1ac9338744f61a02 -> 
  custom:container-demuxer-ogg: 62fdf1f143b41e24485cea50d1cbac27 -> 
  custom:video-encoder-webm-vp8: eb34c28f22e8b96e1ab97ce403110664 -> 
  custom:video-codec-MediaFoundation-h265: 746d11721c4dcdbdad8f713fa42b33f4 -> 
  custom:video-decoder-webm-vp8: 9c59270c3fd7afecdb556c50c9e8de78 -> 
  custom:audio-decoder-ogg-vorbis: bf7c407c2cedff20999df2af8eb42d56 -> 
  custom:audio-encoder-webm-vorbis: bf7c407c2cedff20999df2af8eb42d56 -> 
========================================================================
Received Import Request.
  Time since last request: 123.396289 seconds.
  path: Assets/Scenes/new_MWDLeftTPRight_MWDStart.unity
  artifactKey: Guid(035b7e5731af67a48bb4edcbe17146de) Importer(815301076,1909f56bfc062723c751e8b465ee728b)
Start importing Assets/Scenes/new_MWDLeftTPRight_MWDStart.unity using Guid(035b7e5731af67a48bb4edcbe17146de) Importer(815301076,1909f56bfc062723c751e8b465ee728b)  -> (artifact id: '77568b41efbe8ec83e55f6f381fd7c19') in 0.003076 seconds 
  Import took 0.005188 seconds .

========================================================================
Received Import Request.
  Time since last request: 5.603010 seconds.
  path: Assets/Scenes/new_TPLeftMWDRight_MWDStart.unity
  artifactKey: Guid(ccd035ac735baa14d8958a934ee26f30) Importer(815301076,1909f56bfc062723c751e8b465ee728b)
Start importing Assets/Scenes/new_TPLeftMWDRight_MWDStart.unity using Guid(ccd035ac735baa14d8958a934ee26f30) Importer(815301076,1909f56bfc062723c751e8b465ee728b)  -> (artifact id: '83ba96f78da82ad98d9a083f966864f7') in 0.001843 seconds 
  Import took 0.004155 seconds .

========================================================================
Received Import Request.
  Time since last request: 5500.463396 seconds.
  path: Assets/Scenes/new_TPLeftMWDRight_TPStart.unity
  artifactKey: Guid(f71d35d4c3d9ff74c876e958171d863f) Importer(815301076,1909f56bfc062723c751e8b465ee728b)
Start importing Assets/Scenes/new_TPLeftMWDRight_TPStart.unity using Guid(f71d35d4c3d9ff74c876e958171d863f) Importer(815301076,1909f56bfc062723c751e8b465ee728b)  -> (artifact id: '3eb39b1bd670d236eec43de9a38c3a05') in 0.017816 seconds 
  Import took 0.020314 seconds .

========================================================================
Received Prepare
Refreshing native plugins compatible for Editor in 1.80 ms, found 2 plugins.
Preloading 0 native plugins for Editor in 0.00 ms.
Unloading 12 Unused Serialized files (Serialized files now loaded: 0)
System memory in use before: 41.0 MB.
System memory in use after: 41.1 MB.

Unloading 12 unused Assets to reduce memory usage. Loaded Objects now: 1954.
Total: 2.929200 ms (FindLiveObjects: 0.116300 ms CreateObjectMapping: 0.036100 ms MarkObjects: 2.765700 ms  DeleteObjects: 0.010200 ms)

AssetImportParameters requested are different than current active one (requested -> active):
  custom:framework-win-MediaFoundation: 216162199b28c13a410421893ffa2e32 -> 
  custom:video-decoder-ogg-theora: a1e56fd34408186e4bbccfd4996cb3dc -> 
  custom:container-muxer-webm: aa71ff27fc2769a1b78a27578f13a17b -> 
  custom:container-demuxer-webm: 4f35f7cbe854078d1ac9338744f61a02 -> 
  custom:container-demuxer-ogg: 62fdf1f143b41e24485cea50d1cbac27 -> 
  custom:video-encoder-webm-vp8: eb34c28f22e8b96e1ab97ce403110664 -> 
  custom:video-codec-MediaFoundation-h265: 746d11721c4dcdbdad8f713fa42b33f4 -> 
  custom:video-decoder-webm-vp8: 9c59270c3fd7afecdb556c50c9e8de78 -> 
  custom:audio-decoder-ogg-vorbis: bf7c407c2cedff20999df2af8eb42d56 -> 
  custom:audio-encoder-webm-vorbis: bf7c407c2cedff20999df2af8eb42d56 -> 
========================================================================
Received Import Request.
  Time since last request: 37.157886 seconds.
  path: Assets/Scenes/new_MWDLeftTPRight_TPStart.unity
  artifactKey: Guid(e893e13320f4f3d45b5bafc91ecc5358) Importer(815301076,1909f56bfc062723c751e8b465ee728b)
Start importing Assets/Scenes/new_MWDLeftTPRight_TPStart.unity using Guid(e893e13320f4f3d45b5bafc91ecc5358) Importer(815301076,1909f56bfc062723c751e8b465ee728b)  -> (artifact id: '9f8633019506eb7360b7011dd15b53bb') in 0.017949 seconds 
  Import took 0.020007 seconds .

========================================================================
Received Prepare
Refreshing native plugins compatible for Editor in 1.80 ms, found 2 plugins.
Preloading 0 native plugins for Editor in 0.00 ms.
Unloading 12 Unused Serialized files (Serialized files now loaded: 0)
System memory in use before: 41.0 MB.
System memory in use after: 41.1 MB.

Unloading 12 unused Assets to reduce memory usage. Loaded Objects now: 1954.
Total: 2.363500 ms (FindLiveObjects: 0.106600 ms CreateObjectMapping: 0.041300 ms MarkObjects: 2.206900 ms  DeleteObjects: 0.008100 ms)

AssetImportParameters requested are different than current active one (requested -> active):
  custom:framework-win-MediaFoundation: 216162199b28c13a410421893ffa2e32 -> 
  custom:video-decoder-ogg-theora: a1e56fd34408186e4bbccfd4996cb3dc -> 
  custom:container-muxer-webm: aa71ff27fc2769a1b78a27578f13a17b -> 
  custom:container-demuxer-webm: 4f35f7cbe854078d1ac9338744f61a02 -> 
  custom:container-demuxer-ogg: 62fdf1f143b41e24485cea50d1cbac27 -> 
  custom:video-encoder-webm-vp8: eb34c28f22e8b96e1ab97ce403110664 -> 
  custom:video-codec-MediaFoundation-h265: 746d11721c4dcdbdad8f713fa42b33f4 -> 
  custom:video-decoder-webm-vp8: 9c59270c3fd7afecdb556c50c9e8de78 -> 
  custom:audio-decoder-ogg-vorbis: bf7c407c2cedff20999df2af8eb42d56 -> 
  custom:audio-encoder-webm-vorbis: bf7c407c2cedff20999df2af8eb42d56 -> 
========================================================================
Received Import Request.
  Time since last request: 123.402204 seconds.
  path: Assets/Scenes/new_TPLeftMWDRight_TPStart.unity
  artifactKey: Guid(f71d35d4c3d9ff74c876e958171d863f) Importer(815301076,1909f56bfc062723c751e8b465ee728b)
Start importing Assets/Scenes/new_TPLeftMWDRight_TPStart.unity using Guid(f71d35d4c3d9ff74c876e958171d863f) Importer(815301076,1909f56bfc062723c751e8b465ee728b)  -> (artifact id: '4c51aaadc7eb15cf126642350dafd889') in 0.002796 seconds 
  Import took 0.005341 seconds .

========================================================================
Received Import Request.
  Time since last request: 5.408310 seconds.
  path: Assets/Scenes/new_MWDLeftTPRight_TPStart.unity
  artifactKey: Guid(e893e13320f4f3d45b5bafc91ecc5358) Importer(815301076,1909f56bfc062723c751e8b465ee728b)
Start importing Assets/Scenes/new_MWDLeftTPRight_TPStart.unity using Guid(e893e13320f4f3d45b5bafc91ecc5358) Importer(815301076,1909f56bfc062723c751e8b465ee728b)  -> (artifact id: '5d4fefa9d074ed6ef8f9c6d9397445a7') in 0.002638 seconds 
  Import took 0.005113 seconds .

AssetImportWorkerClient::OnTransportError - code=2 error=End of file
